torch.Size([1000, 41, 41, 1]) torch.Size([1000, 41, 41])
torch.Size([200, 41, 41, 1]) torch.Size([200, 41, 41])
using AdamW optimizer! 
learning rate : 0.001 
lr_decay_flag : True 
normalization_flag : True 
loss_fn_integral : True
500 0.001 100 0.5
{'d': 2, 'in_channels': 1, 'out_channels': 1, 'lifting_channels': 128, 'integral_channels': 32, 'n_integral_layers': 3, 'projection_channels': 128, 'n_hidden_units': 64, 'n_hidden_layers': 3, 'nonlinearity': SiLU(), 'affine_in_first_integral_tsfm': True}
Total number of parameters: 463105
Total number of trainable parameters: 463105
0 1.6188587280921638 0.8304042224884033 0.49608353614807127
1 1.4420648198574781 0.40711487865448 0.32654763221740724
2 1.4393224958330393 0.32928218936920167 0.3165983033180237
3 1.4446451920084655 0.32215496730804444 0.31214491128921507
4 1.4455023291520774 0.31917305517196654 0.31140905141830444
5 1.4450433342717588 0.3166830735206604 0.30301723718643186
6 1.445012261159718 0.30480458211898803 0.2825039529800415
7 1.4450004240497947 0.26905212926864625 0.2400928854942322
8 1.4451911807991564 0.2341164131164551 0.20480165362358094
9 1.4462074232287705 0.1938586823940277 0.17338714480400086
10 1.4406772558577359 0.17018025684356688 0.15577640771865844
11 1.4379408210515976 0.15447709107398988 0.15014707207679748
12 1.4380199979059398 0.14190689182281493 0.13527412056922913
13 1.4380540857091546 0.13473067688941956 0.13169510126113892
14 1.4442560621537268 0.1290637686252594 0.12472181677818299
15 1.4384135049767792 0.12427114677429199 0.1309703767299652
16 1.4395643351599574 0.12050639915466309 0.11993022084236145
17 1.4385820957832038 0.11497285199165344 0.11122767329216003
18 1.4382536918856204 0.11006580090522766 0.10623929738998412
19 1.4397321939468384 0.10609164047241211 0.10325506091117859
20 1.4379350608214736 0.10328725743293762 0.10108286798000336
21 1.438653185032308 0.10195748913288116 0.0991249430179596
22 1.4403790612705052 0.099009592294693 0.09754861831665039
23 1.4376721740700305 0.0966488254070282 0.09949700653553009
24 1.4388765119947493 0.09528452897071839 0.09343674421310424
25 1.4398546968586743 0.09361230182647705 0.09515926122665405
26 1.4395196409896016 0.09093055319786071 0.09125991821289063
27 1.4416114040650427 0.08948441696166992 0.08814179956912994
28 1.440288305748254 0.09008308100700378 0.0927806556224823
29 1.4393904390744865 0.08722561609745026 0.08655203163623809
30 1.4463385571725667 0.08687586879730225 0.08796703517436981
31 1.4463782161474228 0.0855972512960434 0.08637415051460266
32 1.4465497299097478 0.0848683580160141 0.09665805220603943
33 1.4462325633503497 0.08362700259685517 0.0833399909734726
34 1.4469858552329242 0.08111705005168915 0.08121793568134308
35 1.4461383619345725 0.07964186608791352 0.08018666207790374
36 1.4462851048447192 0.0783173508644104 0.07863367259502411
37 1.4473843867890537 0.07851855778694153 0.07902377009391785
38 1.45043062325567 0.0768830587863922 0.07769956707954406
39 1.447059860918671 0.07671763920783997 0.07682886838912964
40 1.4492414449341595 0.07569841992855073 0.07595604598522186
41 1.4480162211693823 0.07596546852588654 0.07577017188072205
42 1.4465238857083023 0.07388453495502471 0.07534696877002717
43 1.4459462952800095 0.07671331000328065 0.07516139030456542
44 1.4468786306679249 0.07277621746063233 0.07567371666431427
45 1.4460828616283834 0.07284425640106201 0.07491963803768158
46 1.4471266600303352 0.071171821475029 0.07168869256973266
47 1.4501533741131425 0.07085078132152557 0.07234086632728577
48 1.450790936127305 0.07007394933700561 0.07104311525821685
49 1.4495201790705323 0.07099805283546448 0.07268324196338653
50 1.452442002017051 0.0686249588727951 0.06957824349403381
51 1.4525809427723289 0.06902150022983551 0.07231413900852203
52 1.4503048937767744 0.06767964482307434 0.06883151650428772
53 1.442796627059579 0.06764261054992676 0.06950055837631225
54 1.4431432150304317 0.06712039649486541 0.069845312833786
55 1.443434254731983 0.0670644110441208 0.06877237498760223
56 1.4439658680930734 0.0657195725440979 0.0689287942647934
57 1.4430700549855828 0.06507990968227387 0.06837664842605591
58 1.44325119163841 0.06507101285457612 0.06906352758407593
59 1.4432612769305706 0.06477069115638732 0.06543464481830596
60 1.4462266028858721 0.06324464464187622 0.06587290644645691
61 1.4438169747591019 0.06372582185268402 0.06624026358127594
62 1.4441598788835108 0.06316610622406006 0.06437465906143189
63 1.4469414628110826 0.0654017390012741 0.06600430488586426
64 1.4429703108035028 0.06141350066661835 0.06465002655982971
65 1.4430485111661255 0.06326062166690827 0.0735844886302948
66 1.4430622356012464 0.06339739120006561 0.06390106320381164
67 1.4434140692465007 0.06088958120346069 0.06290804862976074
68 1.443211446981877 0.06091465067863464 0.06297888457775117
69 1.4461984308436513 0.061264141440391544 0.06456521570682526
70 1.4431583392433822 0.05944670605659485 0.061081833243370055
71 1.4466963531449437 0.05958301305770874 0.06762713849544526
72 1.4433764009736478 0.06044580090045929 0.06129571735858917
73 1.4467839412391186 0.060664529681205746 0.06296255528926849
74 1.4498353181406856 0.061205492973327634 0.06674223840236664
75 1.4501533596776426 0.05923638331890106 0.060857754349708554
76 1.4558206950314343 0.05872839510440826 0.06336295902729035
77 1.450229766778648 0.05812279009819031 0.05929695606231689
78 1.4516606228426099 0.058014184474945066 0.06107896149158478
79 1.4508796208538115 0.05774245154857636 0.060475969910621645
80 1.4565818840637803 0.05719754791259766 0.05933770835399628
81 1.451643749140203 0.05706060254573822 0.06017066359519958
82 1.4513921402394772 0.056725809335708616 0.061747153401374814
83 1.4555531106889248 0.05630010068416595 0.057881036400794984
84 1.451541737653315 0.05786440634727478 0.059282989501953126
85 1.451602968852967 0.05616230309009552 0.05773037791252136
86 1.4476728071458638 0.055853716015815735 0.05822966635227203
87 1.4455789350904524 0.05492979657649994 0.060881556272506715
88 1.4455788061022758 0.05666283392906189 0.05873062312602997
89 1.445610148832202 0.05664312529563904 0.061712640523910525
90 1.4479907057248056 0.05462092840671539 0.05758148729801178
91 1.4455006490461528 0.05412200981378555 0.058229697346687315
92 1.4474473227746785 0.054612889885902405 0.06084762394428253
93 1.4524859767407179 0.05502912098169327 0.06330054163932801
94 1.45391179388389 0.0544687716960907 0.05731389462947845
95 1.45366518991068 0.05390528953075409 0.0579321551322937
96 1.4523376757279038 0.05316368043422699 0.05592556476593018
97 1.452508560847491 0.05402442336082459 0.05589242577552796
98 1.4521834440529346 0.05281270545721054 0.056245769262313845
99 1.4523504320532084 0.054156497836112975 0.05723397850990295
100 1.4527545301243663 0.05138393610715866 0.05508961975574493
101 1.4536888236179948 0.05094416576623917 0.054059286713600156
102 1.4552416941151023 0.050572592973709106 0.05434091866016388
103 1.4533283552154899 0.050354360342025756 0.0536265954375267
104 1.4561189003288746 0.05091742515563965 0.05515067905187607
105 1.4542961311526597 0.050202723264694216 0.054995100498199466
106 1.4533018679358065 0.05067982029914856 0.05419212877750397
107 1.4533352148719132 0.05018377065658569 0.05419689655303955
108 1.4534158469177783 0.05016285902261734 0.053938582837581635
109 1.4530455167405307 0.050154542684555055 0.05548278212547302
110 1.456222405191511 0.050247529566287995 0.05384860932826996
111 1.455209796782583 0.05001978486776352 0.05399894952774048
112 1.4546502330340445 0.05030888479948044 0.0534555321931839
113 1.4569960348308086 0.05040181231498718 0.053298212587833405
114 1.4531766958534718 0.049603910505771634 0.053483370840549466
115 1.4535664771683514 0.04948676973581314 0.05474897265434265
116 1.4539071582257748 0.05013213711977005 0.05361548364162445
117 1.454112458974123 0.05025937676429749 0.05359788239002228
118 1.4563392070122063 0.049408446609973906 0.05304488748311997
119 1.453268967103213 0.04926424860954284 0.05578166961669922
120 1.4548175288364291 0.049383677005767825 0.05362234205007553
121 1.452471958938986 0.04925066578388214 0.05262969851493835
122 1.4473740067332983 0.04972307062149048 0.05352965980768204
123 1.4478469709865749 0.049325459599494935 0.05319614440202713
124 1.449584027286619 0.04920038592815399 0.05238041877746582
125 1.448915682733059 0.04897263878583908 0.05274397283792496
126 1.4463264551013708 0.04928880053758621 0.05272220224142075
127 1.446737295947969 0.049492142915725706 0.05220303505659103
128 1.446479719132185 0.04852199578285217 0.05272641897201538
129 1.4461480011232197 0.04856237119436264 0.05248790264129639
130 1.4462810261175036 0.04856310784816742 0.05198627352714538
131 1.4462663880549371 0.04886887711286545 0.05194579929113388
132 1.4470470240339637 0.04832050603628159 0.05204495549201965
133 1.4535684920847416 0.04834155505895615 0.0535008379817009
134 1.4482111362740397 0.048772102773189545 0.0537794154882431
135 1.4518092046491802 0.048498357951641084 0.05192247271537781
136 1.4488679897040129 0.04771892422437668 0.05202741175889969
137 1.4487937558442354 0.048006290972232815 0.053397696018219
138 1.448397368658334 0.04835111671686172 0.052140949964523314
139 1.4486512769944966 0.04750180184841156 0.05240354955196381
140 1.4490288789384067 0.04820936608314514 0.052257801294326785
141 1.4483174299821258 0.04776464110612869 0.05247290939092636
142 1.4485729616135359 0.047661483943462375 0.05246541738510132
143 1.4503032020293176 0.048285172760486605 0.05177240490913391
144 1.4486455437727273 0.04788676005601883 0.0518029859662056
145 1.4486239096149802 0.04772604018449783 0.05295263469219208
146 1.46013571228832 0.047356214582920074 0.052039671838283535
147 1.4538653679192066 0.04698027187585831 0.05092442959547043
148 1.4540362190455198 0.047200845897197724 0.051019900143146515
149 1.4541277112439275 0.04760569167137146 0.051735897362232205
150 1.4535454385913908 0.04735720640420914 0.051394286751747134
151 1.4563082791864872 0.0467233698964119 0.050897734463214876
152 1.4543693172745407 0.046550359547138216 0.051431954205036164
153 1.456499275751412 0.04700009912252426 0.050833992660045624
154 1.458821459673345 0.04676202028989792 0.05265772521495819
155 1.4542884770780802 0.047335239112377164 0.05047679454088211
156 1.4541886891238391 0.04618930673599243 0.05067237436771393
157 1.4540044120512903 0.04695288854837418 0.05098083913326264
158 1.4540826226584613 0.046415705502033236 0.05272163093090057
159 1.4538841992616653 0.046709972977638244 0.05106079757213593
160 1.4559511272236705 0.04668842071294785 0.05145491719245911
161 1.4556079767644405 0.04603917014598846 0.05128710627555847
162 1.4577456088736653 0.04609065496921539 0.050600232481956484
163 1.454347628634423 0.046774238705635074 0.05133038371801377
164 1.4539191303774714 0.0462832258939743 0.05115786612033844
165 1.45590532803908 0.04659736198186874 0.050461829602718354
166 1.455038612242788 0.045813365519046786 0.05036939114332199
167 1.4542270177043974 0.046143232464790344 0.05180153876543045
168 1.4545265580527484 0.04614828711748123 0.0506154865026474
169 1.4555486952885985 0.04599784189462662 0.0503849533200264
170 1.4539348459802568 0.04575219428539276 0.0505938932299614
171 1.4538320088759065 0.046289045929908755 0.05386015713214874
172 1.4539921702817082 0.04668462818861008 0.05128584831953049
173 1.4536193362437189 0.04588930839300156 0.05073934555053711
174 1.4551907577551901 0.04730565243959427 0.04972880959510803
175 1.4560344330966473 0.04622676336765289 0.050807384252548216
176 1.4573081647977233 0.04580550956726074 0.049761794209480285
177 1.4540257398039103 0.04522865891456604 0.05004263460636139
178 1.4536720924079418 0.04551490408182144 0.049864973425865176
179 1.455338547937572 0.04506875711679459 0.05099096119403839
180 1.453946989029646 0.04537899798154831 0.049877301156520844
181 1.4537972048856318 0.04526408916711807 0.04972992241382599
182 1.4538322072476149 0.0452760990858078 0.04989318042993546
183 1.453453051391989 0.045886059165000916 0.04990968108177185
184 1.4555741529911757 0.044950922846794125 0.05034577369689942
185 1.4535851669497788 0.04552095514535904 0.05044112741947174
186 1.4533998626284301 0.0447877402305603 0.04949790894985199
187 1.4567236881703138 0.04488685566186905 0.05171992897987366
188 1.4536708509549499 0.04505312556028366 0.052871611714363095
189 1.4537021550349891 0.04496384066343308 0.04939431846141815
190 1.4536905311979353 0.04455307328701019 0.05064366459846496
191 1.4539004252292216 0.04488517832756043 0.05000166922807694
192 1.4539643968455493 0.04464214563369751 0.049454300701618194
193 1.4577707001008093 0.04454369384050369 0.04892272770404816
194 1.4537183907814324 0.044573806405067445 0.04889622718095779
195 1.4567196569405496 0.04446195077896118 0.049504198133945465
196 1.4534587957896292 0.04404513782262802 0.04929162472486496
197 1.4553833231329918 0.04397524231672287 0.04928659737110138
198 1.453256512992084 0.04420126289129257 0.049774287343025206
199 1.453131951391697 0.04466663378477097 0.0493333026766777
200 1.453252098057419 0.043216292440891264 0.048542478382587434
201 1.4531425391323864 0.04312889128923416 0.04974155306816101
202 1.45395931834355 0.0429343341588974 0.048758267760276794
203 1.4554469180293381 0.04292296439409256 0.04834277302026749
204 1.456688127014786 0.042946135520935055 0.049084660708904264
205 1.4537487430498004 0.04294354194402695 0.04822210550308228
206 1.453431319911033 0.042783157289028165 0.048517053723335264
207 1.455738423857838 0.04270253258943558 0.04928962171077728
208 1.4534060056321323 0.042816036880016325 0.04863429576158523
209 1.4532799078151584 0.042811978220939635 0.04813350856304169
210 1.447890863288194 0.042795576453208924 0.04841224998235703
211 1.4471490932628512 0.04281507235765457 0.04822196900844574
212 1.4468409321270883 0.042749116718769076 0.04842558860778809
213 1.4474973510950804 0.042727231025695804 0.04850101619958878
214 1.4468309609219432 0.042688321352005 0.04802519261837006
215 1.4465636480599642 0.04246589410305023 0.04833535671234131
216 1.4557059048675 0.0426193271279335 0.04884058475494385
217 1.4648727220483124 0.042431441724300384 0.04847592741250992
218 1.4505939651280642 0.04280941891670227 0.048258729577064514
219 1.4504805481992662 0.04291391062736511 0.04908691614866257
220 1.4509447859600186 0.042715262293815615 0.049961716532707215
221 1.4524462316185236 0.043145137190818784 0.04810538113117218
222 1.4506667479872704 0.04242260605096817 0.04828463405370712
223 1.4507937617599964 0.042403326272964476 0.04862809896469116
224 1.4506688588298857 0.04283053630590439 0.048423109650611876
225 1.4520953968167305 0.04251715183258056 0.048875007033348086
226 1.4507420058362186 0.04284713596105576 0.0486485692858696
227 1.450519371777773 0.042262805998325347 0.048763522505760194
228 1.4532184889540076 0.042158042192459104 0.04888514786958695
229 1.4508654717355967 0.042380525052547455 0.048023007214069366
230 1.4506971901282668 0.042362690687179565 0.04767624229192734
231 1.450580382719636 0.04218053579330444 0.048535801470279694
232 1.4503640769980848 0.04235992062091827 0.04803328603506088
233 1.449998107738793 0.04239532375335693 0.04882558643817902
234 1.4507045936770737 0.042241399943828584 0.04857148766517639
235 1.450347023550421 0.042428521752357486 0.04819333016872406
236 1.4501978140324354 0.04235335540771484 0.04831779718399048
237 1.450400180183351 0.04186527836322784 0.04765023976564407
238 1.450508140027523 0.041907755076885225 0.04776616245508194
239 1.450190912000835 0.04198837649822235 0.04800652027130127
240 1.4503087839111686 0.04228426241874695 0.04869167149066925
241 1.4502972192130983 0.041921662032604216 0.04828895747661591
242 1.4501283359713852 0.04202670782804489 0.04773932546377182
243 1.4502043300308287 0.04199756681919098 0.04794502079486847
244 1.4520285530015826 0.042135333597660064 0.048019330203533175
245 1.447912473231554 0.04224995243549347 0.049127752482891085
246 1.444223688915372 0.04216427892446518 0.04794067084789276
247 1.4445052747614682 0.041744073331356046 0.04762443602085113
248 1.4474658221006393 0.04202799153327942 0.048048729300498964
249 1.4439802151173353 0.041942566692829135 0.047865224480628965
250 1.4443489569239318 0.04187108844518662 0.04797039896249771
251 1.4437311049550772 0.04182065224647522 0.04781417012214661
252 1.4440086665563285 0.04156836897134781 0.04807714432477951
253 1.4444213551469147 0.041622647643089296 0.047696423232555386
254 1.444288132712245 0.041658189415931704 0.048245769441127774
255 1.4458442321047187 0.04181069695949555 0.047763469219207766
256 1.443988613318652 0.041518462896347044 0.047552242279052734
257 1.4487281278707087 0.041690786838531495 0.04797979533672333
258 1.4499263418838382 0.04155661535263062 0.04780883491039276
259 1.4463911410421133 0.04226906836032868 0.04848648220300675
260 1.4451099359430373 0.041736697673797604 0.047323783338069914
261 1.4442610857076943 0.04165401428937912 0.048394467830657956
262 1.444539109710604 0.041374924957752225 0.04744239449501038
263 1.445631867274642 0.04170114040374756 0.047968942224979404
264 1.4448273391462862 0.04155013555288315 0.047728920578956606
265 1.444949105847627 0.04133037149906158 0.04823442459106445
266 1.444361838977784 0.04122475439310074 0.0473922324180603
267 1.452154753729701 0.041175757229328154 0.048055752515792846
268 1.4504140429198742 0.0411543835401535 0.0476742422580719
269 1.4508535023778677 0.04145904111862182 0.04764975935220719
270 1.4543903721496463 0.04119665288925171 0.048124242126941684
271 1.4507143110968173 0.041505924999713895 0.048421618342399594
272 1.4505688301287591 0.04160986542701721 0.047442811727523806
273 1.4507362069562078 0.041269692361354825 0.04732405185699463
274 1.4505736003629863 0.04135634207725525 0.0478874796628952
275 1.4534905110485852 0.0413861882686615 0.04774484932422638
276 1.4510025279596448 0.0413506909608841 0.0472906169295311
277 1.450574808754027 0.041175418734550474 0.04728120803833008
278 1.4493014309555292 0.041300158798694614 0.047243273854255675
279 1.4440321242436767 0.04111242628097534 0.04768586814403534
280 1.4445225009694695 0.0412365306019783 0.047001630663871766
281 1.4442380294203758 0.04119173574447632 0.04738945186138153
282 1.4443296659737825 0.04083365005254745 0.04706853121519089
283 1.4442408387549222 0.041022611677646634 0.047090402245521544
284 1.4443795247934759 0.04093755799531937 0.048290595412254333
285 1.4456996661610901 0.04163858366012573 0.04784875154495239
286 1.4474778231233358 0.04123137360811233 0.047066948413848876
287 1.4447651491500437 0.04084511011838913 0.04731723248958588
288 1.4444257938303053 0.041138539791107175 0.04766983538866043
289 1.445799479726702 0.041194445073604584 0.047757820785045625
290 1.446356724947691 0.040857414901256564 0.04714242309331894
291 1.4448100929148495 0.0418966475725174 0.04792301088571548
292 1.4445698568597436 0.040866553425788876 0.04761532813310623
293 1.4444033508189023 0.040765142023563385 0.04700421780347824
294 1.4441609350033104 0.04083149200677872 0.047447471022605894
295 1.4444481506943703 0.04079382944107056 0.04746459543704987
296 1.4447160982526839 0.04076370978355408 0.04734284311532974
297 1.4443662529811263 0.04044321584701538 0.04693054020404816
298 1.4445056612603366 0.04095643162727356 0.047029079496860506
299 1.4487091382034123 0.04057540392875671 0.047316133975982666
300 1.4558422011323273 0.040031387567520144 0.046888429820537564
301 1.4506844789721072 0.039843977570533755 0.04699443072080612
302 1.4511521910317242 0.04008507621288299 0.047162036001682284
303 1.4510576659813523 0.03984410148859024 0.04662213683128357
304 1.4505247040651739 0.03982091784477234 0.04652124583721161
305 1.4506158828735352 0.03982338261604309 0.04674981355667114
306 1.4537707362324 0.03981990814208984 0.046775887310504916
307 1.451018812134862 0.039942485868930816 0.04686880111694336
308 1.452479382045567 0.039841738998889924 0.04652277767658233
309 1.450875438284129 0.03975494509935379 0.04661492645740509
310 1.450924027711153 0.039807493329048156 0.047061922252178194
311 1.4524156339466572 0.03978225517272949 0.046695519089698795
312 1.45061494410038 0.03979642105102539 0.04682102292776108
313 1.450473917182535 0.039681626856327055 0.047319479286670685
314 1.4509170958772302 0.039678956508636475 0.04662634402513504
315 1.450850890018046 0.03976865935325623 0.04655704438686371
316 1.4506225502118468 0.03988834971189499 0.04666370004415512
317 1.452972104307264 0.03972816681861877 0.04654329985380173
318 1.4507180261425674 0.03987391060590744 0.04665396928787231
319 1.453134530223906 0.039775701999664306 0.04694512456655502
320 1.4515078198164701 0.039836949646472934 0.04649453014135361
321 1.451152197085321 0.03967018991708755 0.046546257734298706
322 1.451231611892581 0.039661993801593784 0.04665101855993271
323 1.4507965822704136 0.03963886374235153 0.046330565810203554
324 1.450691593810916 0.03959516471624375 0.046824541389942166
325 1.4510199618525803 0.039610440731048586 0.046774750649929045
326 1.4521903079003096 0.03973603177070618 0.04682675063610077
327 1.4517993121407926 0.0396622262597084 0.04690195530653
328 1.4485846706666052 0.039657391369342807 0.046222830414772036
329 1.4448722531087697 0.03958847784996033 0.04640273004770279
330 1.4447389356791973 0.0396427053809166 0.04653776884078979
331 1.4468325157649815 0.03958647459745407 0.04663042306900025
332 1.4444719031453133 0.03945152711868286 0.04648371905088425
333 1.444930384401232 0.0395408935546875 0.047013179659843446
334 1.4447549558244646 0.039644621431827544 0.046387314796447754
335 1.4453717190772295 0.039742922902107236 0.04651591539382935
336 1.4446738422848284 0.03964789462089539 0.04643608272075653
337 1.4443787951022387 0.039358229875564574 0.046650033295154575
338 1.4447337412275374 0.039475749731063846 0.04663354068994522
339 1.4448098852299154 0.039845552802085876 0.046147314012050626
340 1.4475205736234784 0.039472108244895936 0.0464995402097702
341 1.4506323738023639 0.03968194705247879 0.04667130291461945
342 1.4519189898855984 0.039371704578399655 0.04627661794424057
343 1.4513599136844277 0.039579505801200864 0.04646702229976654
344 1.4509466770105064 0.039364663064479825 0.04644625991582871
345 1.450961952097714 0.03935458594560623 0.046466763317584994
346 1.4513817350380123 0.039321021676063536 0.04683682799339294
347 1.4514858638867736 0.039370029389858244 0.04653788924217224
348 1.4529662490822375 0.0395530778169632 0.04617193222045898
349 1.4535564188845456 0.03950527775287628 0.04654285579919815
350 1.4534760159440339 0.03947264486551285 0.04644819289445877
351 1.4508961997926235 0.039356963813304904 0.04668795198202133
352 1.4522079359740019 0.03932235777378082 0.04643840909004211
353 1.4529790277592838 0.03926774019002915 0.04619508147239685
354 1.4510166621766984 0.039343062639236454 0.04644541174173355
355 1.4512349381111562 0.03933069479465485 0.046681818962097166
356 1.4512190418317914 0.039233791649341584 0.04658441334962845
357 1.4507109452970326 0.0391132749915123 0.04661491632461548
358 1.4529574560001493 0.039366749048233035 0.04694264382123947
359 1.4510643249377608 0.03924304622411728 0.04661751538515091
360 1.4511219831183553 0.039432198643684385 0.04629713922739029
361 1.4527650461532176 0.039322426080703736 0.04623158186674118
362 1.451227413956076 0.03919820332527161 0.04653270989656448
363 1.4469897602684796 0.03921753054857254 0.04643570691347122
364 1.4463526788167655 0.03910654187202454 0.04646606415510177
365 1.4449204630218446 0.039101860642433164 0.04633493453264236
366 1.4448478571139276 0.039209782898426054 0.04667310416698456
367 1.4445753302425146 0.03906429177522659 0.04639339506626129
368 1.4457776378840208 0.03923726111650467 0.04621633648872375
369 1.4472395982593298 0.039169775128364566 0.04628152668476105
370 1.4445125390775502 0.03928861325979233 0.04740345537662506
371 1.4439569041132927 0.039422516942024234 0.046218342781066894
372 1.4460539277642965 0.03922576755285263 0.04654484510421753
373 1.444447738584131 0.03917222398519516 0.04654073864221573
374 1.443742754869163 0.03922718942165375 0.0464398655295372
375 1.4443175648339093 0.039079028129577635 0.04630084097385406
376 1.4441492329351604 0.03906604641675949 0.04651088178157806
377 1.4439253411255777 0.039008801341056824 0.04625593185424805
378 1.443919291254133 0.03915968668460846 0.04671589136123657
379 1.4451538231223822 0.039041981875896456 0.04628920406103134
380 1.4446936738677323 0.03905282819271088 0.046307031512260434
381 1.4555577551946044 0.038907808482646945 0.046234098374843595
382 1.4447103198617697 0.03918693298101425 0.046492782831192014
383 1.4491473129019141 0.03909813165664673 0.04655754268169403
384 1.44401996396482 0.03889506250619888 0.046669336259365084
385 1.44417267665267 0.03907043665647507 0.046630772054195406
386 1.4446911779232323 0.038876519739627836 0.04643637329339981
387 1.4443314499221742 0.03898774182796478 0.04641078650951386
388 1.4441271401010454 0.038924378097057344 0.046275516152381894
389 1.444572753738612 0.03879490983486176 0.04652857393026352
390 1.4442627052776515 0.038888960361480714 0.04620754539966583
391 1.4469541301950812 0.03878656107187271 0.046027373671531674
392 1.444002218078822 0.03883385676145554 0.04627969354391098
393 1.444374315906316 0.038904288828372956 0.04675731480121612
394 1.4479891606606543 0.03883932185173035 0.04607780665159225
395 1.4452039049938321 0.03873076945543289 0.04630483567714691
396 1.4442727393470705 0.03895857226848602 0.046078769266605375
397 1.4444634416140616 0.038738627791404724 0.046337970793247224
398 1.4440741329453886 0.03888320523500442 0.046750564873218534
399 1.4444289249368012 0.038764384269714354 0.04617105454206467
400 1.4467928409576416 0.03843080800771713 0.0459686079621315
401 1.4441874329932034 0.03838894456624985 0.04591218709945679
402 1.4477356378920376 0.03834924739599228 0.04599367707967758
403 1.4443066911771894 0.038376029670238496 0.045991377234458924
404 1.4444662132300436 0.03834142869710922 0.04594521522521973
405 1.4440369079820812 0.0383433752655983 0.045983649492263794
406 1.4458949058316648 0.03831793284416199 0.04604954659938812
407 1.443940466735512 0.03827440470457077 0.04580087125301361
408 1.4442199431359768 0.03836512142419815 0.046109535694122315
409 1.4450629209168255 0.03831049025058746 0.046600004732608794
410 1.4458834608085454 0.038346988439559936 0.04587537378072739
411 1.4469603868201375 0.03832040077447891 0.04605976343154907
412 1.4443884710781276 0.03834640860557556 0.04580899596214295
413 1.4461725899018347 0.038284704566001894 0.04598588943481445
414 1.4465112872421741 0.03830990153551102 0.04604604095220566
415 1.44410309381783 0.038309174716472626 0.04653994411230087
416 1.4442470781505108 0.038370948255062105 0.04601120114326477
417 1.449652079027146 0.03825614845752716 0.04590632736682892
418 1.4503319850191474 0.038315707981586455 0.045868155062198636
419 1.4503255798481405 0.03836145484447479 0.04628127723932266
420 1.4500303342938423 0.03821789848804474 0.04613623559474945
421 1.4500048612244427 0.03823881733417511 0.0460291001200676
422 1.4497764562256634 0.03833880513906479 0.046129322350025176
423 1.4531373912468553 0.03825072020292282 0.04621485352516174
424 1.461112366989255 0.03825499498844147 0.04582284331321716
425 1.4499152316711843 0.03825299006700516 0.04587995737791061
426 1.4500458231195807 0.03816849607229233 0.04623602628707886
427 1.4501447770744562 0.03837741482257843 0.04576689958572388
428 1.450168161187321 0.038233627140522 0.045946147739887234
429 1.4501454918645322 0.038231614112854 0.04636323004961014
430 1.4507496510632336 0.03819058918952942 0.04602955222129822
431 1.450102711096406 0.03814384973049164 0.04572712063789368
432 1.4497324163094163 0.0382047193646431 0.04595209121704102
433 1.451493440195918 0.038232380867004395 0.045897499322891236
434 1.4499329370446503 0.03826573473215103 0.04577394425868988
435 1.4524508509784937 0.038195238947868346 0.045897578001022336
436 1.4506485178135335 0.03812967199087143 0.046160892844200135
437 1.4500307608395815 0.038307536005973815 0.04595405429601669
438 1.4499013973399997 0.038202069044113156 0.04620809942483902
439 1.4499652828089893 0.03823526340723038 0.04648513525724411
440 1.4516935367137194 0.038144693195819854 0.045707479417324066
441 1.4523780271410942 0.03820562851428986 0.04656801521778107
442 1.4503108337521553 0.038180175960063935 0.04592494994401932
443 1.4499167380854487 0.038184205532073974 0.04586727261543274
444 1.4481975180096924 0.038199030458927155 0.04585474312305451
445 1.4441789160482585 0.03821288800239563 0.04605018585920334
446 1.4441604232415557 0.038121682584285735 0.04565192013978958
447 1.4444324169307947 0.038117920577526096 0.04578024983406067
448 1.4444370670244098 0.038140187561511996 0.04571453154087066
449 1.4443097501061857 0.03812005549669266 0.0460348579287529
450 1.4442489799112082 0.038109254479408265 0.045929517745971676
451 1.444995789323002 0.03806249725818634 0.04608904421329498
452 1.4652127409353852 0.038075632750988006 0.045834609270095826
453 1.450165389571339 0.03817492425441742 0.045987594425678256
454 1.4496626718901098 0.038029799044132236 0.046289110481739046
455 1.452461123932153 0.038164484977722166 0.046001629531383516
456 1.4497715109027922 0.038095114290714265 0.04643144220113754
457 1.4523622021079063 0.0381312130689621 0.04561346143484116
458 1.4515592767857015 0.03808644562959671 0.04570673495531082
459 1.4499305551871657 0.0380294885635376 0.04587148815393448
460 1.4494724697433412 0.038006946921348574 0.046071287095546726
461 1.4494765838608146 0.03805926835536957 0.04580185383558273
462 1.4493944509886205 0.03798680692911148 0.04573122590780258
463 1.4497823398560286 0.03804907459020614 0.04590854734182358
464 1.454714358318597 0.03795331078767777 0.04580004900693893
465 1.4494547499343753 0.038048704683780674 0.045936854481697084
466 1.4545124941505492 0.03797138720750809 0.045849130153656006
467 1.4492491739802063 0.038034925818443296 0.045985797941684725
468 1.44959808094427 0.03804240047931671 0.04575099885463715
469 1.449430774897337 0.03794391912221909 0.045842674076557156
470 1.4499451639130712 0.03798736834526062 0.04590969532728195
471 1.4497494050301611 0.03802103221416473 0.04592531979084015
472 1.4494304680265486 0.038034285366535185 0.045737332701683044
473 1.4491735300980508 0.03799322766065598 0.045621009171009065
474 1.4508830322884023 0.03805367708206177 0.046042905151844025
475 1.4501380999572575 0.03791607332229614 0.04587571173906326
476 1.449869155883789 0.03790639036893845 0.04580503225326538
477 1.4510744465515018 0.037886070728302 0.04593458741903305
478 1.4493208969943225 0.03794144237041473 0.04569225490093231
479 1.4496409660205245 0.03795915359258652 0.04596385896205902
480 1.4493176932446659 0.03789682060480118 0.04559637784957886
481 1.4490228141658008 0.03790087395906448 0.04578777700662613
482 1.450779132079333 0.03789912396669388 0.04582585215568542
483 1.4497948051430285 0.03799173247814178 0.045866753160953525
484 1.449192584026605 0.03787697088718414 0.045980100035667416
485 1.4517497597262263 0.03789518010616302 0.04578374058008194
486 1.4491027067415416 0.037847255647182464 0.045745645761489866
487 1.4493152177892625 0.03781840711832046 0.04583926022052765
488 1.449263472110033 0.037830010056495667 0.04583225280046463
489 1.4489962067455053 0.037820509612560275 0.04557569712400436
490 1.4489244180731475 0.03791408318281174 0.04586569786071777
491 1.4491867809556425 0.03784467607736588 0.045753650069236755
492 1.449966925662011 0.037963589370250704 0.04594850778579712
493 1.4513075049035251 0.037852521240711215 0.04586506336927414
494 1.4499227851629257 0.03783903127908707 0.045909142196178435
495 1.4491006401367486 0.03794967848062515 0.04586201101541519
496 1.4502302301116288 0.03781502276659012 0.04573161870241165
497 1.4502737978473306 0.0378141183257103 0.04601163625717163
498 1.4493776359595358 0.03781228798627853 0.04619985193014145
499 1.4493373460136354 0.037933061897754666 0.04564776629209519
